<?xml version="1.0" encoding="UTF-8"?>
<!-- Generated by org.testng.reporters.JUnitReportReporter -->
<testsuite skipped="0" hostname="DESKTOP-I61C6HS" name="helloworld.TestMaven" tests="1" failures="0" timestamp="17 Dec 2019 12:27:37 GMT" time="0.007" errors="0">
  <testcase name="test" time="0.007" classname="helloworld.TestMaven"/>
</testsuite> <!-- helloworld.TestMaven -->
