<?xml version="1.0" encoding="UTF-8"?>
<!-- Generated by org.testng.reporters.JUnitReportReporter -->
<testsuite skipped="0" hostname="DESKTOP-I61C6HS" name="helloworld.TestMaven" tests="1" failures="0" timestamp="2019-12-18T11:26:36 EST" time="0.013" errors="0">
  <testcase name="test" time="0.013" classname="helloworld.TestMaven"/>
</testsuite> <!-- helloworld.TestMaven -->
